2023.03.30 12:45:24 INFO  Started: Metals version 0.11.11 in workspace 'C:\Users\Grant\Documents\Programming\Public\Project Euler Problems 1 to 100' for client Visual Studio Code 1.76.2.
SLF4J: No SLF4J providers were found.
SLF4J: Defaulting to no-operation (NOP) logger implementation
SLF4J: See https://www.slf4j.org/codes.html#noProviders for further details.
SLF4J: Class path contains SLF4J bindings targeting slf4j-api versions 1.7.x or earlier.
SLF4J: Ignoring binding found at [jar:file:/C:/Users/Grant/AppData/Local/Coursier/cache/v1/https/repo1.maven.org/maven2/com/outr/scribe-slf4j_2.13/3.11.0/scribe-slf4j_2.13-3.11.0.jar!/org/slf4j/impl/StaticLoggerBinder.class]
SLF4J: See https://www.slf4j.org/codes.html#ignoredBindings for an explanation.
2023.03.30 12:45:24 INFO  time: initialize in 0.39s
2023.03.30 12:45:25 WARN  Build server is not auto-connectable.
2023.03.30 12:45:25 WARN  no build tool detected in workspace 'C:\Users\Grant\Documents\Programming\Public\Project Euler Problems 1 to 100'. The most common cause for this problem is that the editor was opened in the wrong working directory, for example if you use sbt then the workspace directory should contain build.sbt. 
Mar 30, 2023 12:45:25 PM org.eclipse.lsp4j.jsonrpc.RemoteEndpoint handleCancellation
WARNING: Unmatched cancel notification for request id 2
Mar 30, 2023 12:45:25 PM org.eclipse.lsp4j.jsonrpc.RemoteEndpoint handleCancellation
WARNING: Unmatched cancel notification for request id 1
2023.03.30 12:45:25 WARN  no build target for: C:\Users\Grant\Documents\Programming\Public\HackerRank\Scala\Project Euler 17 Number to Words.scala
2023.03.30 12:45:27 INFO  no build target found for C:\Users\Grant\Documents\Programming\Public\HackerRank\Scala\Project Euler 17 Number to Words.scala. Using presentation compiler with project's scala-library version: 3.2.2
2023.03.30 12:45:29 INFO  time: code lens generation in 3.81s
2023.03.30 14:59:53 INFO  Shutting down server
2023.03.30 14:59:53 INFO  shutting down Metals
2023.03.30 14:59:53 INFO  Exiting server
